<?xml version="1.0" encoding="UTF-8"?>
<testsuite name="com.aura.companion.ui.chat.ChatViewModelTest" tests="19" skipped="0" failures="0" errors="0" timestamp="2026-08-09T13:42:45" hostname="MSI" time="0.073">
  <properties/>
  <testcase name="a stream that opens but says nothing still falls back" classname="com.aura.companion.ui.chat.ChatViewModelTest" time="0.016"/>
  <testcase name="dismissing an error leaves the conversation intact" classname="com.aura.companion.ui.chat.ChatViewModelTest" time="0.006"/>
  <testcase name="retry resends a failed message without retyping it" classname="com.aura.companion.ui.chat.ChatViewModelTest" time="0.007"/>
  <testcase name="a streamed reply grows one bubble and settles it" classname="com.aura.companion.ui.chat.ChatViewModelTest" time="0.004"/>
  <testcase name="a new conversation clears the transcript" classname="com.aura.companion.ui.chat.ChatViewModelTest" time="0.004"/>
  <testcase name="a refused WebSocket falls back to REST and still answers" classname="com.aura.companion.ui.chat.ChatViewModelTest" time="0.005"/>
  <testcase name="an empty or whitespace draft is not sent" classname="com.aura.companion.ui.chat.ChatViewModelTest" time="0.001"/>
  <testcase name="a blank companion message is ignored" classname="com.aura.companion.ui.chat.ChatViewModelTest" time="0.001"/>
  <testcase name="a socket that closes mid-reply still settles the bubble" classname="com.aura.companion.ui.chat.ChatViewModelTest" time="0.004"/>
  <testcase name="an unconfigured server refuses to send and says why" classname="com.aura.companion.ui.chat.ChatViewModelTest" time="0.001"/>
  <testcase name="a healthy server names its provider in the banner" classname="com.aura.companion.ui.chat.ChatViewModelTest" time="0.002"/>
  <testcase name="nothing is sent while a reply is still arriving" classname="com.aura.companion.ui.chat.ChatViewModelTest" time="0.003"/>
  <testcase name="a probe rejected on the token is promoted to an error" classname="com.aura.companion.ui.chat.ChatViewModelTest" time="0.003"/>
  <testcase name="sending clears the draft immediately" classname="com.aura.companion.ui.chat.ChatViewModelTest" time="0.001"/>
  <testcase name="a companion message tapped from a notification appears once" classname="com.aura.companion.ui.chat.ChatViewModelTest" time="0.001"/>
  <testcase name="a failed send keeps the message and offers it back" classname="com.aura.companion.ui.chat.ChatViewModelTest" time="0.005"/>
  <testcase name="a rejected token is surfaced rather than silently retried" classname="com.aura.companion.ui.chat.ChatViewModelTest" time="0.004"/>
  <testcase name="an unreachable server is reported without an error banner" classname="com.aura.companion.ui.chat.ChatViewModelTest" time="0.002"/>
  <testcase name="a stream that fails after text is reported rather than re-asked" classname="com.aura.companion.ui.chat.ChatViewModelTest" time="0.003"/>
  <system-out><![CDATA[]]></system-out>
  <system-err><![CDATA[]]></system-err>
</testsuite>
