<?xml version="1.0" encoding="UTF-8"?>
<testsuite name="com.aura.companion.data.remote.AuraStreamClientTest" tests="13" skipped="0" failures="0" errors="0" timestamp="2026-08-09T13:23:00" hostname="MSI" time="0.056">
  <properties/>
  <testcase name="a refused handshake is reported as a rejected token" classname="com.aura.companion.data.remote.AuraStreamClientTest" time="0.012"/>
  <testcase name="no session parameter is sent on the first message" classname="com.aura.companion.data.remote.AuraStreamClientTest" time="0.009"/>
  <testcase name="a gateway error during a cold start is not reported as a fault" classname="com.aura.companion.data.remote.AuraStreamClientTest" time="0.002"/>
  <testcase name="an empty message rejection is reported as unprocessable" classname="com.aura.companion.data.remote.AuraStreamClientTest" time="0.004"/>
  <testcase name="the token and session travel in the handshake query string" classname="com.aura.companion.data.remote.AuraStreamClientTest" time="0.004"/>
  <testcase name="chunks concatenate into the reply in order" classname="com.aura.companion.data.remote.AuraStreamClientTest" time="0.004"/>
  <testcase name="a server error frame becomes a typed failure" classname="com.aura.companion.data.remote.AuraStreamClientTest" time="0.004"/>
  <testcase name="a full reply arrives as started, chunks, complete" classname="com.aura.companion.data.remote.AuraStreamClientTest" time="0.004"/>
  <testcase name="a complete frame without timings is still valid" classname="com.aura.companion.data.remote.AuraStreamClientTest" time="0.004"/>
  <testcase name="an unparseable frame does not crash the stream" classname="com.aura.companion.data.remote.AuraStreamClientTest" time="0.003"/>
  <testcase name="an unconfigured server fails without opening a socket" classname="com.aura.companion.data.remote.AuraStreamClientTest" time="0.0"/>
  <testcase name="the message is sent as one frame carrying no session" classname="com.aura.companion.data.remote.AuraStreamClientTest" time="0.003"/>
  <testcase name="a socket closed mid-reply terminates without a terminal frame" classname="com.aura.companion.data.remote.AuraStreamClientTest" time="0.003"/>
  <system-out><![CDATA[]]></system-out>
  <system-err><![CDATA[]]></system-err>
</testsuite>
