<?xml version="1.0" encoding="UTF-8"?>
<testsuite name="com.aura.companion.screen.ObservationThrottleTest" tests="16" skipped="0" failures="0" errors="0" timestamp="2026-08-09T13:23:02" hostname="MSI" time="0.008">
  <properties/>
  <testcase name="the same screen is not sent twice" classname="com.aura.companion.screen.ObservationThrottleTest" time="0.004"/>
  <testcase name="an unchanged screen never pushes the baseline forward" classname="com.aura.companion.screen.ObservationThrottleTest" time="0.0"/>
  <testcase name="a different screen inside the interval is still refused" classname="com.aura.companion.screen.ObservationThrottleTest" time="0.001"/>
  <testcase name="a screen of nothing but short words is not sent" classname="com.aura.companion.screen.ObservationThrottleTest" time="0.0"/>
  <testcase name="the first screen is always sent" classname="com.aura.companion.screen.ObservationThrottleTest" time="0.0"/>
  <testcase name="allowsAttempt refuses while the send interval is still running" classname="com.aura.companion.screen.ObservationThrottleTest" time="0.0"/>
  <testcase name="an empty screen is never sent" classname="com.aura.companion.screen.ObservationThrottleTest" time="0.0"/>
  <testcase name="a ticking clock is not a change" classname="com.aura.companion.screen.ObservationThrottleTest" time="0.0"/>
  <testcase name="reset forgets the previous screen entirely" classname="com.aura.companion.screen.ObservationThrottleTest" time="0.0"/>
  <testcase name="a different screen after the interval is sent" classname="com.aura.companion.screen.ObservationThrottleTest" time="0.001"/>
  <testcase name="a counter ticking is not a change" classname="com.aura.companion.screen.ObservationThrottleTest" time="0.0"/>
  <testcase name="real new content is sent" classname="com.aura.companion.screen.ObservationThrottleTest" time="0.0"/>
  <testcase name="switching app is always interesting however similar the text" classname="com.aura.companion.screen.ObservationThrottleTest" time="0.0"/>
  <testcase name="a burst of events costs one tree walk" classname="com.aura.companion.screen.ObservationThrottleTest" time="0.001"/>
  <testcase name="a download percentage ticking is not a change" classname="com.aura.companion.screen.ObservationThrottleTest" time="0.0"/>
  <testcase name="a token that merely contains digits keeps its identity" classname="com.aura.companion.screen.ObservationThrottleTest" time="0.0"/>
  <system-out><![CDATA[]]></system-out>
  <system-err><![CDATA[]]></system-err>
</testsuite>
