<?xml version="1.0" encoding="UTF-8"?>
<testsuite name="com.aura.companion.data.AuraRepositoryTest" tests="20" skipped="0" failures="0" errors="0" timestamp="2026-08-09T13:06:11" hostname="MSI" time="0.105">
  <properties/>
  <testcase name="a screen observation carries the device id and the session" classname="com.aura.companion.data.AuraRepositoryTest" time="0.024"/>
  <testcase name="chat posts to api slash chat in the server's field names" classname="com.aura.companion.data.AuraRepositoryTest" time="0.005"/>
  <testcase name="502 and 504 are read as a cold start rather than a fault" classname="com.aura.companion.data.AuraRepositoryTest" time="0.006"/>
  <testcase name="a 503 naming screen_disabled is Aura declining, not Aura waking" classname="com.aura.companion.data.AuraRepositoryTest" time="0.005"/>
  <testcase name="the first message carries no session and the second carries the server's" classname="com.aura.companion.data.AuraRepositoryTest" time="0.005"/>
  <testcase name="an empty notification list is a success with nothing in it" classname="com.aura.companion.data.AuraRepositoryTest" time="0.005"/>
  <testcase name="a dropped connection becomes Offline" classname="com.aura.companion.data.AuraRepositoryTest" time="0.004"/>
  <testcase name="no Authorization header is sent when no token is configured" classname="com.aura.companion.data.AuraRepositoryTest" time="0.004"/>
  <testcase name="an unconfigured server URL fails before any request" classname="com.aura.companion.data.AuraRepositoryTest" time="0.001"/>
  <testcase name="the client identifies itself in metadata" classname="com.aura.companion.data.AuraRepositoryTest" time="0.003"/>
  <testcase name="resetSession makes the next message start a new conversation" classname="com.aura.companion.data.AuraRepositoryTest" time="0.005"/>
  <testcase name="401 and 403 both mean the token was refused" classname="com.aura.companion.data.AuraRepositoryTest" time="0.005"/>
  <testcase name="a 500 is reported with its code and never its body" classname="com.aura.companion.data.AuraRepositoryTest" time="0.003"/>
  <testcase name="every request carries the bearer token" classname="com.aura.companion.data.AuraRepositoryTest" time="0.003"/>
  <testcase name="a screen the server ignores yields no decision" classname="com.aura.companion.data.AuraRepositoryTest" time="0.004"/>
  <testcase name="notifications are fetched for this device and parsed" classname="com.aura.companion.data.AuraRepositoryTest" time="0.004"/>
  <testcase name="a malformed body is a failure, not a crash" classname="com.aura.companion.data.AuraRepositoryTest" time="0.005"/>
  <testcase name="a token changed in settings takes effect on the next request" classname="com.aura.companion.data.AuraRepositoryTest" time="0.005"/>
  <testcase name="a bare 503 is a cold start" classname="com.aura.companion.data.AuraRepositoryTest" time="0.003"/>
  <testcase name="health exposes the runtime map the settings screen reads" classname="com.aura.companion.data.AuraRepositoryTest" time="0.004"/>
  <system-out><![CDATA[]]></system-out>
  <system-err><![CDATA[	at org.junit.runners.model.FrameworkMethod$1.runReflectiveCall(FrameworkMethod.java:59)
	at org.junit.internal.runners.model.ReflectiveCallable.run(ReflectiveCallable.java:12)
	at org.junit.runners.model.FrameworkMethod.invokeExplosively(FrameworkMethod.java:56)
	at org.junit.internal.runners.statements.RunBefores.invokeMethod(RunBefores.java:33)
	at org.junit.internal.runners.statements.RunBefores.evaluate(RunBefores.java:24)
	at org.junit.internal.runners.statements.RunAfters.evaluate(RunAfters.java:27)
	at org.junit.runners.ParentRunner$3.evaluate(ParentRunner.java:306)
	at org.junit.runners.BlockJUnit4ClassRunner$1.evaluate(BlockJUnit4ClassRunner.java:100)
	at org.junit.runners.ParentRunner.runLeaf(ParentRunner.java:366)
	at org.junit.runners.BlockJUnit4ClassRunner.runChild(BlockJUnit4ClassRunner.java:103)
	at org.junit.runners.BlockJUnit4ClassRunner.runChild(BlockJUnit4ClassRunner.java:63)
	at org.junit.runners.ParentRunner$4.run(ParentRunner.java:331)
	at org.junit.runners.ParentRunner$1.schedule(ParentRunner.java:79)
	at org.junit.runners.ParentRunner.runChildren(ParentRunner.java:329)
	at org.junit.runners.ParentRunner.access$100(ParentRunner.java:66)
	at org.junit.runners.ParentRunner$2.evaluate(ParentRunner.java:293)
	at org.junit.runners.ParentRunner$3.evaluate(ParentRunner.java:306)
	at org.junit.runners.ParentRunner.run(ParentRunner.java:413)
	at org.gradle.api.internal.tasks.testing.junit.JUnitTestClassExecutor.runTestClass(JUnitTestClassExecutor.java:112)
	at org.gradle.api.internal.tasks.testing.junit.JUnitTestClassExecutor.execute(JUnitTestClassExecutor.java:58)
	at org.gradle.api.internal.tasks.testing.junit.JUnitTestClassExecutor.execute(JUnitTestClassExecutor.java:40)
	at org.gradle.api.internal.tasks.testing.junit.AbstractJUnitTestClassProcessor.processTestClass(AbstractJUnitTestClassProcessor.java:54)
	at org.gradle.api.internal.tasks.testing.SuiteTestClassProcessor.processTestClass(SuiteTestClassProcessor.java:53)
	at java.base/jdk.internal.reflect.NativeMethodAccessorImpl.invoke0(Native Method)
	at java.base/jdk.internal.reflect.NativeMethodAccessorImpl.invoke(NativeMethodAccessorImpl.java:77)
	at java.base/jdk.internal.reflect.DelegatingMethodAccessorImpl.invoke(DelegatingMethodAccessorImpl.java:43)
	at java.base/java.lang.reflect.Method.invoke(Method.java:569)
	at org.gradle.internal.dispatch.ReflectionDispatch.dispatch(ReflectionDispatch.java:36)
	at org.gradle.internal.dispatch.ReflectionDispatch.dispatch(ReflectionDispatch.java:24)
	at org.gradle.internal.dispatch.ContextClassLoaderDispatch.dispatch(ContextClassLoaderDispatch.java:33)
	at org.gradle.internal.dispatch.ProxyDispatchAdapter$DispatchingInvocationHandler.invoke(ProxyDispatchAdapter.java:92)
	at jdk.proxy1/jdk.proxy1.$Proxy4.processTestClass(Unknown Source)
	at org.gradle.api.internal.tasks.testing.worker.TestWorker$2.run(TestWorker.java:181)
	at org.gradle.api.internal.tasks.testing.worker.TestWorker.executeAndMaintainThreadName(TestWorker.java:130)
	at org.gradle.api.internal.tasks.testing.worker.TestWorker.execute(TestWorker.java:101)
	at org.gradle.api.internal.tasks.testing.worker.TestWorker.execute(TestWorker.java:61)
	at org.gradle.process.internal.worker.child.ActionExecutionWorker.execute(ActionExecutionWorker.java:56)
	at org.gradle.process.internal.worker.child.SystemApplicationClassLoaderWorker.call(SystemApplicationClassLoaderWorker.java:122)
	at org.gradle.process.internal.worker.child.SystemApplicationClassLoaderWorker.call(SystemApplicationClassLoaderWorker.java:69)
	at worker.org.gradle.process.internal.worker.GradleWorkerMain.run(GradleWorkerMain.java:69)
	at worker.org.gradle.process.internal.worker.GradleWorkerMain.main(GradleWorkerMain.java:74)
]]></system-err>
</testsuite>
