<?xml version="1.0" encoding="UTF-8"?>
<testsuite name="com.aura.companion.ui.chat.ChatViewModelTest" tests="19" skipped="0" failures="0" errors="0" timestamp="2026-08-09T13:23:02" hostname="MSI" time="0.079">
  <properties/>
  <testcase name="a stream that opens but says nothing still falls back" classname="com.aura.companion.ui.chat.ChatViewModelTest" time="0.016"/>
  <testcase name="dismissing an error leaves the conversation intact" classname="com.aura.companion.ui.chat.ChatViewModelTest" time="0.007"/>
  <testcase name="retry resends a failed message without retyping it" classname="com.aura.companion.ui.chat.ChatViewModelTest" time="0.007"/>
  <testcase name="a streamed reply grows one bubble and settles it" classname="com.aura.companion.ui.chat.ChatViewModelTest" time="0.004"/>
  <testcase name="a new conversation clears the transcript" classname="com.aura.companion.ui.chat.ChatViewModelTest" time="0.004"/>
  <testcase name="a refused WebSocket falls back to REST and still answers" classname="com.aura.companion.ui.chat.ChatViewModelTest" time="0.007"/>
  <testcase name="an empty or whitespace draft is not sent" classname="com.aura.companion.ui.chat.ChatViewModelTest" time="0.002"/>
  <testcase name="a blank companion message is ignored" classname="com.aura.companion.ui.chat.ChatViewModelTest" time="0.001"/>
  <testcase name="a socket that closes mid-reply still settles the bubble" classname="com.aura.companion.ui.chat.ChatViewModelTest" time="0.004"/>
  <testcase name="an unconfigured server refuses to send and says why" classname="com.aura.companion.ui.chat.ChatViewModelTest" time="0.0"/>
  <testcase name="a healthy server names its provider in the banner" classname="com.aura.companion.ui.chat.ChatViewModelTest" time="0.003"/>
  <testcase name="nothing is sent while a reply is still arriving" classname="com.aura.companion.ui.chat.ChatViewModelTest" time="0.003"/>
  <testcase name="a probe rejected on the token is promoted to an error" classname="com.aura.companion.ui.chat.ChatViewModelTest" time="0.004"/>
  <testcase name="sending clears the draft immediately" classname="com.aura.companion.ui.chat.ChatViewModelTest" time="0.002"/>
  <testcase name="a companion message tapped from a notification appears once" classname="com.aura.companion.ui.chat.ChatViewModelTest" time="0.0"/>
  <testcase name="a failed send keeps the message and offers it back" classname="com.aura.companion.ui.chat.ChatViewModelTest" time="0.005"/>
  <testcase name="a rejected token is surfaced rather than silently retried" classname="com.aura.companion.ui.chat.ChatViewModelTest" time="0.004"/>
  <testcase name="an unreachable server is reported without an error banner" classname="com.aura.companion.ui.chat.ChatViewModelTest" time="0.002"/>
  <testcase name="a stream that fails after text is reported rather than re-asked" classname="com.aura.companion.ui.chat.ChatViewModelTest" time="0.003"/>
  <system-out><![CDATA[]]></system-out>
  <system-err><![CDATA[Exception in thread "OkHttp WebSocket http://127.0.0.1:61067/... writer @coroutine#97" kotlinx.coroutines.CompletionHandlerException: Exception in completion handler ChildCompletion@a8d4a04[job@1b527972] for "coroutine#97":ProducerCoroutine{Cancelled}@1b527972
	at kotlinx.coroutines.JobSupport.notifyCompletion(JobSupport.kt:1629)
	at kotlinx.coroutines.JobSupport.completeStateFinalization(JobSupport.kt:316)
	at kotlinx.coroutines.JobSupport.finalizeFinishingState(JobSupport.kt:233)
	at kotlinx.coroutines.JobSupport.tryMakeCompletingSlowPath(JobSupport.kt:946)
	at kotlinx.coroutines.JobSupport.tryMakeCompleting(JobSupport.kt:894)
	at kotlinx.coroutines.JobSupport.makeCompletingOnce$kotlinx_coroutines_core(JobSupport.kt:859)
	at kotlinx.coroutines.AbstractCoroutine.resumeWith(AbstractCoroutine.kt:98)
	at kotlin.coroutines.jvm.internal.BaseContinuationImpl.resumeWith(ContinuationImpl.kt:46)
	at kotlinx.coroutines.DispatchedTask.run(DispatchedTask.kt:99)
	at kotlinx.coroutines.EventLoop.processUnconfinedEvent(EventLoop.common.kt:65)
	at kotlinx.coroutines.DispatchedTaskKt.resumeUnconfined(DispatchedTask.kt:231)
	at kotlinx.coroutines.DispatchedTaskKt.dispatch(DispatchedTask.kt:149)
	at kotlinx.coroutines.CancellableContinuationImpl.dispatchResume(CancellableContinuationImpl.kt:470)
	at kotlinx.coroutines.CancellableContinuationImpl.resumeImpl$kotlinx_coroutines_core(CancellableContinuationImpl.kt:504)
	at kotlinx.coroutines.CancellableContinuationImpl.resumeImpl$kotlinx_coroutines_core$default(CancellableContinuationImpl.kt:493)
	at kotlinx.coroutines.CancellableContinuationImpl.resumeWith(CancellableContinuationImpl.kt:359)
	at kotlinx.coroutines.channels.BufferedChannel$BufferedChannelIterator.tryResumeHasNextOnClosedChannel(BufferedChannel.kt:1739)
	at kotlinx.coroutines.channels.BufferedChannel.resumeWaiterOnClosedChannel(BufferedChannel.kt:2206)
	at kotlinx.coroutines.channels.BufferedChannel.resumeReceiverOnClosedChannel(BufferedChannel.kt:2193)
	at kotlinx.coroutines.channels.BufferedChannel.cancelSuspendedReceiveRequests(BufferedChannel.kt:2186)
	at kotlinx.coroutines.channels.BufferedChannel.completeClose(BufferedChannel.kt:1963)
	at kotlinx.coroutines.channels.BufferedChannel.isClosed(BufferedChannel.kt:2242)
	at kotlinx.coroutines.channels.BufferedChannel.isClosedForSend0(BufferedChannel.kt:2217)
	at kotlinx.coroutines.channels.BufferedChannel.isClosedForSend(BufferedChannel.kt:2214)
	at kotlinx.coroutines.channels.BufferedChannel.completeCloseOrCancel(BufferedChannel.kt:1935)
	at kotlinx.coroutines.channels.BufferedChannel.closeOrCancelImpl(BufferedChannel.kt:1828)
	at kotlinx.coroutines.channels.BufferedChannel.close(BufferedChannel.kt:1787)
	at kotlinx.coroutines.channels.ChannelCoroutine.close(ChannelCoroutine.kt)
	at kotlinx.coroutines.channels.SendChannel$DefaultImpls.close$default(Channel.kt:95)
	at com.aura.companion.data.remote.AuraStreamClient$stream$1$socket$1.onClosed(AuraStreamClient.kt:114)
	at okhttp3.internal.ws.RealWebSocket.writeOneFrame$okhttp(RealWebSocket.kt:537)
	at okhttp3.internal.ws.RealWebSocket$WriterTask.runOnce(RealWebSocket.kt:620)
	at okhttp3.internal.concurrent.TaskRunner.runTask(TaskRunner.kt:116)
	at okhttp3.internal.concurrent.TaskRunner.access$runTask(TaskRunner.kt:42)
	at okhttp3.internal.concurrent.TaskRunner$runnable$1.run(TaskRunner.kt:65)
	at java.base/java.util.concurrent.ThreadPoolExecutor.runWorker(ThreadPoolExecutor.java:1136)
	at java.base/java.util.concurrent.ThreadPoolExecutor$Worker.run(ThreadPoolExecutor.java:635)
	at java.base/java.lang.Thread.run(Thread.java:840)
	Suppressed: kotlinx.coroutines.internal.DiagnosticCoroutineContextException: [CoroutineId(97), "coroutine#97":ProducerCoroutine{Cancelled}@1b527972, Dispatchers.Main]
Caused by: java.lang.IllegalStateException: Module with the Main dispatcher had failed to initialize. For tests Dispatchers.setMain from kotlinx-coroutines-test module can be used
	at kotlinx.coroutines.internal.MissingMainCoroutineDispatcher.missing(MainDispatchers.kt:111)
	at kotlinx.coroutines.internal.MissingMainCoroutineDispatcher.isDispatchNeeded(MainDispatchers.kt:92)
	at kotlinx.coroutines.test.internal.TestMainDispatcher.isDispatchNeeded(TestMainDispatcher.kt:27)
	at kotlinx.coroutines.internal.DispatchedContinuationKt.resumeCancellableWith(DispatchedContinuation.kt:299)
	at kotlinx.coroutines.internal.ScopeCoroutine.afterCompletion(Scopes.kt:23)
	at kotlinx.coroutines.JobSupport.continueCompleting(JobSupport.kt:987)
	at kotlinx.coroutines.JobSupport.access$continueCompleting(JobSupport.kt:22)
	at kotlinx.coroutines.JobSupport$ChildCompletion.invoke(JobSupport.kt:1268)
	at kotlinx.coroutines.JobSupport.notifyCompletion(JobSupport.kt:1625)
	... 37 more
Caused by: java.lang.IllegalStateException: The main looper is not available
	at kotlinx.coroutines.android.AndroidDispatcherFactory.createDispatcher(HandlerDispatcher.kt:51)
	at kotlinx.coroutines.internal.MainDispatchersKt.tryCreateDispatcher(MainDispatchers.kt:53)
	at kotlinx.coroutines.test.internal.TestMainDispatcherFactory.createDispatcher(TestMainDispatcherJvm.kt:11)
	at kotlinx.coroutines.internal.MainDispatchersKt.tryCreateDispatcher(MainDispatchers.kt:53)
	at kotlinx.coroutines.internal.MainDispatcherLoader.loadMainDispatcher(MainDispatchers.kt:34)
	at kotlinx.coroutines.internal.MainDispatcherLoader.<clinit>(MainDispatchers.kt:18)
	at kotlinx.coroutines.Dispatchers.getMain(Dispatchers.kt:20)
	at kotlinx.coroutines.test.internal.TestMainDispatcher$Companion.getCurrentTestDispatcher$kotlinx_coroutines_test(TestMainDispatcher.kt:47)
	at kotlinx.coroutines.test.internal.TestMainDispatcher$Companion.getCurrentTestScheduler$kotlinx_coroutines_test(TestMainDispatcher.kt:50)
	at kotlinx.coroutines.test.TestCoroutineDispatchersKt.StandardTestDispatcher(TestCoroutineDispatchers.kt:142)
	at kotlinx.coroutines.test.TestCoroutineDispatchersKt.StandardTestDispatcher$default(TestCoroutineDispatchers.kt:137)
	at kotlinx.coroutines.test.TestScopeKt.withDelaySkipping(TestScope.kt:196)
	at kotlinx.coroutines.test.TestScopeKt.TestScope(TestScope.kt:163)
	at kotlinx.coroutines.test.TestBuildersKt__TestBuildersKt.runTest-8Mi8wO0(TestBuilders.kt:168)
	at kotlinx.coroutines.test.TestBuildersKt.runTest-8Mi8wO0(Unknown Source)
	at kotlinx.coroutines.test.TestBuildersKt__TestBuildersKt.runTest-8Mi8wO0$default(TestBuilders.kt:160)
	at kotlinx.coroutines.test.TestBuildersKt.runTest-8Mi8wO0$default(Unknown Source)
	at com.aura.companion.data.AuraRepositoryTest.a screen observation carries the device id and the session(AuraRepositoryTest.kt:297)
	at java.base/jdk.internal.reflect.NativeMethodAccessorImpl.invoke0(Native Method)
	at java.base/jdk.internal.reflect.NativeMethodAccessorImpl.invoke(NativeMethodAccessorImpl.java:77)
	at java.base/jdk.internal.reflect.DelegatingMethodAccessorImpl.invoke(DelegatingMethodAccessorImpl.java:43)
	at java.base/java.lang.reflect.Method.invoke(Method.java:569)
	at org.junit.runners.model.FrameworkMethod$1.runReflectiveCall(FrameworkMethod.java:59)
	at org.junit.internal.runners.model.ReflectiveCallable.run(ReflectiveCallable.java:12)
	at org.junit.runners.model.FrameworkMethod.invokeExplosively(FrameworkMethod.java:56)
	at org.junit.internal.runners.statements.InvokeMethod.evaluate(InvokeMethod.java:17)
	at org.junit.internal.runners.statements.RunBefores.evaluate(RunBefores.java:26)
	at org.junit.internal.runners.statements.RunAfters.evaluate(RunAfters.java:27)
	at org.junit.runners.ParentRunner$3.evaluate(ParentRunner.java:306)
	at org.junit.runners.BlockJUnit4ClassRunner$1.evaluate(BlockJUnit4ClassRunner.java:100)
	at org.junit.runners.ParentRunner.runLeaf(ParentRunner.java:366)
	at org.junit.runners.BlockJUnit4ClassRunner.runChild(BlockJUnit4ClassRunner.java:103)
	at org.junit.runners.BlockJUnit4ClassRunner.runChild(BlockJUnit4ClassRunner.java:63)
	at org.junit.runners.ParentRunner$4.run(ParentRunner.java:331)
	at org.junit.runners.ParentRunner$1.schedule(ParentRunner.java:79)
	at org.junit.runners.ParentRunner.runChildren(ParentRunner.java:329)
	at org.junit.runners.ParentRunner.access$100(ParentRunner.java:66)
	at org.junit.runners.ParentRunner$2.evaluate(ParentRunner.java:293)
	at org.junit.runners.ParentRunner$3.evaluate(ParentRunner.java:306)
	at org.junit.runners.ParentRunner.run(ParentRunner.java:413)
	at org.gradle.api.internal.tasks.testing.junit.JUnitTestClassExecutor.runTestClass(JUnitTestClassExecutor.java:112)
	at org.gradle.api.internal.tasks.testing.junit.JUnitTestClassExecutor.execute(JUnitTestClassExecutor.java:58)
	at org.gradle.api.internal.tasks.testing.junit.JUnitTestClassExecutor.execute(JUnitTestClassExecutor.java:40)
	at org.gradle.api.internal.tasks.testing.junit.AbstractJUnitTestClassProcessor.processTestClass(AbstractJUnitTestClassProcessor.java:54)
	at org.gradle.api.internal.tasks.testing.SuiteTestClassProcessor.processTestClass(SuiteTestClassProcessor.java:53)
	at java.base/jdk.internal.reflect.NativeMethodAccessorImpl.invoke0(Native Method)
	at java.base/jdk.internal.reflect.NativeMethodAccessorImpl.invoke(NativeMethodAccessorImpl.java:77)
	at java.base/jdk.internal.reflect.DelegatingMethodAccessorImpl.invoke(DelegatingMethodAccessorImpl.java:43)
	at java.base/java.lang.reflect.Method.invoke(Method.java:569)
	at org.gradle.internal.dispatch.ReflectionDispatch.dispatch(ReflectionDispatch.java:36)
	at org.gradle.internal.dispatch.ReflectionDispatch.dispatch(ReflectionDispatch.java:24)
	at org.gradle.internal.dispatch.ContextClassLoaderDispatch.dispatch(ContextClassLoaderDispatch.java:33)
	at org.gradle.internal.dispatch.ProxyDispatchAdapter$DispatchingInvocationHandler.invoke(ProxyDispatchAdapter.java:92)
	at jdk.proxy1/jdk.proxy1.$Proxy4.processTestClass(Unknown Source)
	at org.gradle.api.internal.tasks.testing.worker.TestWorker$2.run(TestWorker.java:181)
	at org.gradle.api.internal.tasks.testing.worker.TestWorker.executeAndMaintainThreadName(TestWorker.java:130)
	at org.gradle.api.internal.tasks.testing.worker.TestWorker.execute(TestWorker.java:101)
	at org.gradle.api.internal.tasks.testing.worker.TestWorker.execute(TestWorker.java:61)
	at org.gradle.process.internal.worker.child.ActionExecutionWorker.execute(ActionExecutionWorker.java:56)
	at org.gradle.process.internal.worker.child.SystemApplicationClassLoaderWorker.call(SystemApplicationClassLoaderWorker.java:122)
	at org.gradle.process.internal.worker.child.SystemApplicationClassLoaderWorker.call(SystemApplicationClassLoaderWorker.java:69)
	at worker.org.gradle.process.internal.worker.GradleWorkerMain.run(GradleWorkerMain.java:69)
	at worker.org.gradle.process.internal.worker.GradleWorkerMain.main(GradleWorkerMain.java:74)
Exception in thread "OkHttp WebSocket http://127.0.0.1:61086/... writer @coroutine#136" kotlinx.coroutines.CompletionHandlerException: Exception in completion handler ChildCompletion@72585f5e[job@7c9fbf65] for "coroutine#136":ProducerCoroutine{Cancelled}@7c9fbf65
	at kotlinx.coroutines.JobSupport.notifyCompletion(JobSupport.kt:1629)
	at kotlinx.coroutines.JobSupport.completeStateFinalization(JobSupport.kt:316)
	at kotlinx.coroutines.JobSupport.finalizeFinishingState(JobSupport.kt:233)
	at kotlinx.coroutines.JobSupport.tryMakeCompletingSlowPath(JobSupport.kt:946)
	at kotlinx.coroutines.JobSupport.tryMakeCompleting(JobSupport.kt:894)
	at kotlinx.coroutines.JobSupport.makeCompletingOnce$kotlinx_coroutines_core(JobSupport.kt:859)
	at kotlinx.coroutines.AbstractCoroutine.resumeWith(AbstractCoroutine.kt:98)
	at kotlin.coroutines.jvm.internal.BaseContinuationImpl.resumeWith(ContinuationImpl.kt:46)
	at kotlinx.coroutines.DispatchedTask.run(DispatchedTask.kt:99)
	at kotlinx.coroutines.EventLoop.processUnconfinedEvent(EventLoop.common.kt:65)
	at kotlinx.coroutines.DispatchedTaskKt.resumeUnconfined(DispatchedTask.kt:231)
	at kotlinx.coroutines.DispatchedTaskKt.dispatch(DispatchedTask.kt:149)
	at kotlinx.coroutines.CancellableContinuationImpl.dispatchResume(CancellableContinuationImpl.kt:470)
	at kotlinx.coroutines.CancellableContinuationImpl.resumeImpl$kotlinx_coroutines_core(CancellableContinuationImpl.kt:504)
	at kotlinx.coroutines.CancellableContinuationImpl.resumeImpl$kotlinx_coroutines_core$default(CancellableContinuationImpl.kt:493)
	at kotlinx.coroutines.CancellableContinuationImpl.resumeWith(CancellableContinuationImpl.kt:359)
	at kotlinx.coroutines.channels.BufferedChannel$BufferedChannelIterator.tryResumeHasNextOnClosedChannel(BufferedChannel.kt:1739)
	at kotlinx.coroutines.channels.BufferedChannel.resumeWaiterOnClosedChannel(BufferedChannel.kt:2206)
	at kotlinx.coroutines.channels.BufferedChannel.resumeReceiverOnClosedChannel(BufferedChannel.kt:2193)
	at kotlinx.coroutines.channels.BufferedChannel.cancelSuspendedReceiveRequests(BufferedChannel.kt:2186)
	at kotlinx.coroutines.channels.BufferedChannel.completeClose(BufferedChannel.kt:1963)
	at kotlinx.coroutines.channels.BufferedChannel.isClosed(BufferedChannel.kt:2242)
	at kotlinx.coroutines.channels.BufferedChannel.isClosedForSend0(BufferedChannel.kt:2217)
	at kotlinx.coroutines.channels.BufferedChannel.isClosedForSend(BufferedChannel.kt:2214)
	at kotlinx.coroutines.channels.BufferedChannel.completeCloseOrCancel(BufferedChannel.kt:1935)
	at kotlinx.coroutines.channels.BufferedChannel.closeOrCancelImpl(BufferedChannel.kt:1828)
	at kotlinx.coroutines.channels.BufferedChannel.close(BufferedChannel.kt:1787)
	at kotlinx.coroutines.channels.ChannelCoroutine.close(ChannelCoroutine.kt)
	at kotlinx.coroutines.channels.SendChannel$DefaultImpls.close$default(Channel.kt:95)
	at com.aura.companion.data.remote.AuraStreamClient$stream$1$socket$1.onClosed(AuraStreamClient.kt:114)
	at okhttp3.internal.ws.RealWebSocket.writeOneFrame$okhttp(RealWebSocket.kt:537)
	at okhttp3.internal.ws.RealWebSocket$WriterTask.runOnce(RealWebSocket.kt:620)
	at okhttp3.internal.concurrent.TaskRunner.runTask(TaskRunner.kt:116)
	at okhttp3.internal.concurrent.TaskRunner.access$runTask(TaskRunner.kt:42)
	at okhttp3.internal.concurrent.TaskRunner$runnable$1.run(TaskRunner.kt:65)
	at java.base/java.util.concurrent.ThreadPoolExecutor.runWorker(ThreadPoolExecutor.java:1136)
	at java.base/java.util.concurrent.ThreadPoolExecutor$Worker.run(ThreadPoolExecutor.java:635)
	at java.base/java.lang.Thread.run(Thread.java:840)
	Suppressed: kotlinx.coroutines.internal.DiagnosticCoroutineContextException: [CoroutineId(136), "coroutine#136":ProducerCoroutine{Cancelled}@7c9fbf65, Dispatchers.Main]
Caused by: java.lang.IllegalStateException: Module with the Main dispatcher had failed to initialize. For tests Dispatchers.setMain from kotlinx-coroutines-test module can be used
	at kotlinx.coroutines.internal.MissingMainCoroutineDispatcher.missing(MainDispatchers.kt:111)
	at kotlinx.coroutines.internal.MissingMainCoroutineDispatcher.isDispatchNeeded(MainDispatchers.kt:92)
	at kotlinx.coroutines.test.internal.TestMainDispatcher.isDispatchNeeded(TestMainDispatcher.kt:27)
	at kotlinx.coroutines.internal.DispatchedContinuationKt.resumeCancellableWith(DispatchedContinuation.kt:299)
	at kotlinx.coroutines.internal.ScopeCoroutine.afterCompletion(Scopes.kt:23)
	at kotlinx.coroutines.JobSupport.continueCompleting(JobSupport.kt:987)
	at kotlinx.coroutines.JobSupport.access$continueCompleting(JobSupport.kt:22)
	at kotlinx.coroutines.JobSupport$ChildCompletion.invoke(JobSupport.kt:1268)
	at kotlinx.coroutines.JobSupport.notifyCompletion(JobSupport.kt:1625)
	... 37 more
Caused by: java.lang.IllegalStateException: The main looper is not available
	at kotlinx.coroutines.android.AndroidDispatcherFactory.createDispatcher(HandlerDispatcher.kt:51)
	at kotlinx.coroutines.internal.MainDispatchersKt.tryCreateDispatcher(MainDispatchers.kt:53)
	at kotlinx.coroutines.test.internal.TestMainDispatcherFactory.createDispatcher(TestMainDispatcherJvm.kt:11)
	at kotlinx.coroutines.internal.MainDispatchersKt.tryCreateDispatcher(MainDispatchers.kt:53)
	at kotlinx.coroutines.internal.MainDispatcherLoader.loadMainDispatcher(MainDispatchers.kt:34)
	at kotlinx.coroutines.internal.MainDispatcherLoader.<clinit>(MainDispatchers.kt:18)
	at kotlinx.coroutines.Dispatchers.getMain(Dispatchers.kt:20)
	at kotlinx.coroutines.test.internal.TestMainDispatcher$Companion.getCurrentTestDispatcher$kotlinx_coroutines_test(TestMainDispatcher.kt:47)
	at kotlinx.coroutines.test.internal.TestMainDispatcher$Companion.getCurrentTestScheduler$kotlinx_coroutines_test(TestMainDispatcher.kt:50)
	at kotlinx.coroutines.test.TestCoroutineDispatchersKt.StandardTestDispatcher(TestCoroutineDispatchers.kt:142)
	at kotlinx.coroutines.test.TestCoroutineDispatchersKt.StandardTestDispatcher$default(TestCoroutineDispatchers.kt:137)
	at kotlinx.coroutines.test.TestScopeKt.withDelaySkipping(TestScope.kt:196)
	at kotlinx.coroutines.test.TestScopeKt.TestScope(TestScope.kt:163)
	at kotlinx.coroutines.test.TestBuildersKt__TestBuildersKt.runTest-8Mi8wO0(TestBuilders.kt:168)
	at kotlinx.coroutines.test.TestBuildersKt.runTest-8Mi8wO0(Unknown Source)
	at kotlinx.coroutines.test.TestBuildersKt__TestBuildersKt.runTest-8Mi8wO0$default(TestBuilders.kt:160)
	at kotlinx.coroutines.test.TestBuildersKt.runTest-8Mi8wO0$default(Unknown Source)
	at com.aura.companion.data.AuraRepositoryTest.a screen observation carries the device id and the session(AuraRepositoryTest.kt:297)
	at java.base/jdk.internal.reflect.NativeMethodAccessorImpl.invoke0(Native Method)
	at java.base/jdk.internal.reflect.NativeMethodAccessorImpl.invoke(NativeMethodAccessorImpl.java:77)
	at java.base/jdk.internal.reflect.DelegatingMethodAccessorImpl.invoke(DelegatingMethodAccessorImpl.java:43)
	at java.base/java.lang.reflect.Method.invoke(Method.java:569)
	at org.junit.runners.model.FrameworkMethod$1.runReflectiveCall(FrameworkMethod.java:59)
	at org.junit.internal.runners.model.ReflectiveCallable.run(ReflectiveCallable.java:12)
	at org.junit.runners.model.FrameworkMethod.invokeExplosively(FrameworkMethod.java:56)
	at org.junit.internal.runners.statements.InvokeMethod.evaluate(InvokeMethod.java:17)
	at org.junit.internal.runners.statements.RunBefores.evaluate(RunBefores.java:26)
	at org.junit.internal.runners.statements.RunAfters.evaluate(RunAfters.java:27)
	at org.junit.runners.ParentRunner$3.evaluate(ParentRunner.java:306)
	at org.junit.runners.BlockJUnit4ClassRunner$1.evaluate(BlockJUnit4ClassRunner.java:100)
	at org.junit.runners.ParentRunner.runLeaf(ParentRunner.java:366)
	at org.junit.runners.BlockJUnit4ClassRunner.runChild(BlockJUnit4ClassRunner.java:103)
	at org.junit.runners.BlockJUnit4ClassRunner.runChild(BlockJUnit4ClassRunner.java:63)
	at org.junit.runners.ParentRunner$4.run(ParentRunner.java:331)
	at org.junit.runners.ParentRunner$1.schedule(ParentRunner.java:79)
	at org.junit.runners.ParentRunner.runChildren(ParentRunner.java:329)
	at org.junit.runners.ParentRunner.access$100(ParentRunner.java:66)
	at org.junit.runners.ParentRunner$2.evaluate(ParentRunner.java:293)
	at org.junit.runners.ParentRunner$3.evaluate(ParentRunner.java:306)
	at org.junit.runners.ParentRunner.run(ParentRunner.java:413)
	at org.gradle.api.internal.tasks.testing.junit.JUnitTestClassExecutor.runTestClass(JUnitTestClassExecutor.java:112)
	at org.gradle.api.internal.tasks.testing.junit.JUnitTestClassExecutor.execute(JUnitTestClassExecutor.java:58)
	at org.gradle.api.internal.tasks.testing.junit.JUnitTestClassExecutor.execute(JUnitTestClassExecutor.java:40)
	at org.gradle.api.internal.tasks.testing.junit.AbstractJUnitTestClassProcessor.processTestClass(AbstractJUnitTestClassProcessor.java:54)
	at org.gradle.api.internal.tasks.testing.SuiteTestClassProcessor.processTestClass(SuiteTestClassProcessor.java:53)
	at java.base/jdk.internal.reflect.NativeMethodAccessorImpl.invoke0(Native Method)
	at java.base/jdk.internal.reflect.NativeMethodAccessorImpl.invoke(NativeMethodAccessorImpl.java:77)
	at java.base/jdk.internal.reflect.DelegatingMethodAccessorImpl.invoke(DelegatingMethodAccessorImpl.java:43)
	at java.base/java.lang.reflect.Method.invoke(Method.java:569)
	at org.gradle.internal.dispatch.ReflectionDispatch.dispatch(ReflectionDispatch.java:36)
	at org.gradle.internal.dispatch.ReflectionDispatch.dispatch(ReflectionDispatch.java:24)
	at org.gradle.internal.dispatch.ContextClassLoaderDispatch.dispatch(ContextClassLoaderDispatch.java:33)
	at org.gradle.internal.dispatch.ProxyDispatchAdapter$DispatchingInvocationHandler.invoke(ProxyDispatchAdapter.java:92)
	at jdk.proxy1/jdk.proxy1.$Proxy4.processTestClass(Unknown Source)
	at org.gradle.api.internal.tasks.testing.worker.TestWorker$2.run(TestWorker.java:181)
	at org.gradle.api.internal.tasks.testing.worker.TestWorker.executeAndMaintainThreadName(TestWorker.java:130)
	at org.gradle.api.internal.tasks.testing.worker.TestWorker.execute(TestWorker.java:101)
	at org.gradle.api.internal.tasks.testing.worker.TestWorker.execute(TestWorker.java:61)
	at org.gradle.process.internal.worker.child.ActionExecutionWorker.execute(ActionExecutionWorker.java:56)
	at org.gradle.process.internal.worker.child.SystemApplicationClassLoaderWorker.call(SystemApplicationClassLoaderWorker.java:122)
	at org.gradle.process.internal.worker.child.SystemApplicationClassLoaderWorker.call(SystemApplicationClassLoaderWorker.java:69)
	at worker.org.gradle.process.internal.worker.GradleWorkerMain.run(GradleWorkerMain.java:69)
	at worker.org.gradle.process.internal.worker.GradleWorkerMain.main(GradleWorkerMain.java:74)
]]></system-err>
</testsuite>
